This is pdfTeX, Version 3.1415926-1.40.10 (TeX Live 2009/Debian) (format=latex 2011.10.14)  5 MAR 2012 12:36
entering extended mode
 %&-line parsing enabled.
**CDC12.tex
(./CDC12.tex
LaTeX2e <2009/09/24>
Babel <v3.8l> and hyphenation patterns for english, usenglishmax, dumylang, noh
yphenation, farsi, arabic, croatian, bulgarian, ukrainian, russian, czech, slov
ak, danish, dutch, finnish, french, basque, ngerman, german, german-x-2009-06-1
9, ngerman-x-2009-06-19, ibycus, monogreek, greek, ancientgreek, hungarian, san
skrit, italian, latin, latvian, lithuanian, mongolian2a, mongolian, bokmal, nyn
orsk, romanian, irish, coptic, serbian, turkish, welsh, esperanto, uppersorbian
, estonian, indonesian, interlingua, icelandic, kurmanji, slovenian, polish, po
rtuguese, spanish, galician, catalan, swedish, ukenglish, pinyin, loaded.
(/usr/share/texmf-texlive/tex/latex/base/article.cls
Document Class: article 2007/10/19 v1.4h Standard LaTeX document class
(/usr/share/texmf-texlive/tex/latex/base/size11.clo
File: size11.clo 2007/10/19 v1.4h Standard LaTeX file (size option)
)
\c@part=\count79
\c@section=\count80
\c@subsection=\count81
\c@subsubsection=\count82
\c@paragraph=\count83
\c@subparagraph=\count84
\c@figure=\count85
\c@table=\count86
\abovecaptionskip=\skip41
\belowcaptionskip=\skip42
\bibindent=\dimen102
)
(/usr/share/texmf-texlive/tex/latex/amsmath/amsmath.sty
Package: amsmath 2000/07/18 v2.13 AMS math features
\@mathmargin=\skip43

For additional information on amsmath, use the `?' option.
(/usr/share/texmf-texlive/tex/latex/amsmath/amstext.sty
Package: amstext 2000/06/29 v2.01

(/usr/share/texmf-texlive/tex/latex/amsmath/amsgen.sty
File: amsgen.sty 1999/11/30 v2.0
\@emptytoks=\toks14
\ex@=\dimen103
))
(/usr/share/texmf-texlive/tex/latex/amsmath/amsbsy.sty
Package: amsbsy 1999/11/29 v1.2d
\pmbraise@=\dimen104
)
(/usr/share/texmf-texlive/tex/latex/amsmath/amsopn.sty
Package: amsopn 1999/12/14 v2.01 operator names
)
\inf@bad=\count87
LaTeX Info: Redefining \frac on input line 211.
\uproot@=\count88
\leftroot@=\count89
LaTeX Info: Redefining \overline on input line 307.
\classnum@=\count90
\DOTSCASE@=\count91
LaTeX Info: Redefining \ldots on input line 379.
LaTeX Info: Redefining \dots on input line 382.
LaTeX Info: Redefining \cdots on input line 467.
\Mathstrutbox@=\box26
\strutbox@=\box27
\big@size=\dimen105
LaTeX Font Info:    Redeclaring font encoding OML on input line 567.
LaTeX Font Info:    Redeclaring font encoding OMS on input line 568.
\macc@depth=\count92
\c@MaxMatrixCols=\count93
\dotsspace@=\muskip10
\c@parentequation=\count94
\dspbrk@lvl=\count95
\tag@help=\toks15
\row@=\count96
\column@=\count97
\maxfields@=\count98
\andhelp@=\toks16
\eqnshift@=\dimen106
\alignsep@=\dimen107
\tagshift@=\dimen108
\tagwidth@=\dimen109
\totwidth@=\dimen110
\lineht@=\dimen111
\@envbody=\toks17
\multlinegap=\skip44
\multlinetaggap=\skip45
\mathdisplay@stack=\toks18
LaTeX Info: Redefining \[ on input line 2666.
LaTeX Info: Redefining \] on input line 2667.
)
(/usr/share/texmf-texlive/tex/latex/amsfonts/amsfonts.sty
Package: amsfonts 2009/06/22 v3.00 Basic AMSFonts support
\symAMSa=\mathgroup4
\symAMSb=\mathgroup5
LaTeX Font Info:    Overwriting math alphabet `\mathfrak' in version `bold'
(Font)                  U/euf/m/n --> U/euf/b/n on input line 96.
)
(/usr/share/texmf-texlive/tex/latex/amsmath/amscd.sty
Package: amscd 1999/11/29 v1.2d
\athelp@=\toks19
\minaw@=\dimen112
\bigaw@=\dimen113
\minCDarrowwidth=\dimen114
)
(/usr/share/texmf-texlive/tex/latex/amsfonts/amssymb.sty
Package: amssymb 2009/06/22 v3.00
)
(/usr/share/texmf-texlive/tex/latex/base/inputenc.sty
Package: inputenc 2008/03/30 v1.1d Input encoding file
\inpenc@prehook=\toks20
\inpenc@posthook=\toks21

(/usr/share/texmf-texlive/tex/latex/base/latin1.def
File: latin1.def 2008/03/30 v1.1d Input encoding file
))
(/var/lib/texmf/tex/generic/babel/babel.sty
Package: babel 2008/07/06 v3.8l The Babel package

(/usr/share/texmf-texlive/tex/generic/babel/spanish.ldf
Language: spanish.ldf 2009/01/02 v5.0h Spanish support from the babel system

(/usr/share/texmf-texlive/tex/generic/babel/babel.def
File: babel.def 2008/07/06 v3.8l Babel common definitions
\babel@savecnt=\count99
\U@D=\dimen115
)
\es@datefmt=\count100
\es@quottoks=\toks22
\es@quotdepth=\count101
Package babel Info: Making " an active character on input line 492.
Package babel Info: Making . an active character on input line 585.
Package babel Info: Making < an active character on input line 630.
Package babel Info: Making > an active character on input line 630.
))
(/usr/share/texmf-texlive/tex/latex/graphics/graphics.sty
Package: graphics 2009/02/05 v1.0o Standard LaTeX Graphics (DPC,SPQR)

(/usr/share/texmf-texlive/tex/latex/graphics/trig.sty
Package: trig 1999/03/16 v1.09 sin cos tan (DPC)
)
(/etc/texmf/tex/latex/config/graphics.cfg
File: graphics.cfg 2009/08/28 v1.8 graphics configuration of TeX Live
)
Package graphics Info: Driver file: dvips.def on input line 91.

(/usr/share/texmf-texlive/tex/latex/graphics/dvips.def
File: dvips.def 1999/02/16 v3.0i Driver-dependant file (DPC,SPQR)
))
(/usr/share/texmf-texlive/tex/latex/graphics/graphicx.sty
Package: graphicx 1999/02/16 v1.0f Enhanced LaTeX Graphics (DPC,SPQR)

(/usr/share/texmf-texlive/tex/latex/graphics/keyval.sty
Package: keyval 1999/03/16 v1.13 key=value parser (DPC)
\KV@toks@=\toks23
)
\Gin@req@height=\dimen116
\Gin@req@width=\dimen117
)
No file CDC12.aux.
\openout1 = `CDC12.aux'.

LaTeX Font Info:    Checking defaults for OML/cmm/m/it on input line 23.
LaTeX Font Info:    ... okay on input line 23.
LaTeX Font Info:    Checking defaults for T1/cmr/m/n on input line 23.
LaTeX Font Info:    ... okay on input line 23.
LaTeX Font Info:    Checking defaults for OT1/cmr/m/n on input line 23.
LaTeX Font Info:    ... okay on input line 23.
LaTeX Font Info:    Checking defaults for OMS/cmsy/m/n on input line 23.
LaTeX Font Info:    ... okay on input line 23.
LaTeX Font Info:    Checking defaults for OMX/cmex/m/n on input line 23.
LaTeX Font Info:    ... okay on input line 23.
LaTeX Font Info:    Checking defaults for U/cmr/m/n on input line 23.
LaTeX Font Info:    ... okay on input line 23.
LaTeX Font Info:    Try loading font information for U+msa on input line 25.
(/usr/share/texmf-texlive/tex/latex/amsfonts/umsa.fd
File: umsa.fd 2009/06/22 v3.00 AMS symbols A
)
LaTeX Font Info:    Try loading font information for U+msb on input line 25.

(/usr/share/texmf-texlive/tex/latex/amsfonts/umsb.fd
File: umsb.fd 2009/06/22 v3.00 AMS symbols B
) [1

]

LaTeX Warning: Reference `e:sistema1' on page 2 undefined on input line 31.


LaTeX Warning: Reference `e:sistema2' on page 2 undefined on input line 31.


LaTeX Warning: Reference `e:sistema1' on page 2 undefined on input line 46.


LaTeX Warning: Reference `e:sistema1' on page 2 undefined on input line 61.


LaTeX Warning: Reference `e:sistema2' on page 2 undefined on input line 61.


LaTeX Warning: Reference `e:sistema1_discreto' on page 2 undefined on input lin
e 63.


LaTeX Warning: Reference `e:sistema2_discreto' on page 2 undefined on input lin
e 63.


LaTeX Warning: Reference `e:cd1' on page 2 undefined on input line 64.


LaTeX Warning: Reference `e:cd2' on page 2 undefined on input line 64.


LaTeX Warning: Reference `e:cd3' on page 2 undefined on input line 64.


LaTeX Warning: Citation `astrom:textbook97' on page 2 undefined on input line 6
5.


LaTeX Warning: Reference `e:sistema1_discreto' on page 2 undefined on input lin
e 95.


LaTeX Warning: Reference `e:sistema2_discreto' on page 2 undefined on input lin
e 95.


LaTeX Warning: Reference `e:sistema_discreto_ampliado' on page 2 undefined on i
nput line 96.


LaTeX Warning: Citation `astrom:textbook97' on page 2 undefined on input line 9
8.


LaTeX Warning: Reference `e:sistema_discreto_ampliado' on page 2 undefined on i
nput line 118.


LaTeX Warning: Reference `e:control_sistema_discreto_ampliado' on page 2 undefi
ned on input line 121.


LaTeX Warning: Reference `e:sistema_dicreto_ampliado' on page 2 undefined on in
put line 139.


LaTeX Warning: Reference `e:control_sistema_discreto_ampliado' on page 2 undefi
ned on input line 141.


LaTeX Warning: Reference `e:matriz_lazo_cerrado_sistema_discreto_ampliado' on p
age 2 undefined on input line 143.

[2]

LaTeX Warning: Reference `e:matriz_lazo_cerrado_sistema_discreto_ampliado' on p
age 3 undefined on input line 170.


LaTeX Warning: Reference `e:sistema1_discreto' on page 3 undefined on input lin
e 174.


LaTeX Warning: Reference `f:dinam' on page 3 undefined on input line 204.


LaTeX Warning: Reference `f:suposicion' on page 3 undefined on input line 214.

[3]

LaTeX Warning: Reference `f:eq_2grado' on page 4 undefined on input line 225.


LaTeX Warning: Reference `f:eq_2grado' on page 4 undefined on input line 228.


Overfull \hbox (127.27013pt too wide) detected at line 246
[] \OT1/cmr/m/n/10.95 = [] \OML/cmm/m/it/10.95 MP[] [] [] \OT1/cmr/m/n/10.95 (\
OML/cmm/m/it/10.95 MP[]\OT1/cmr/m/n/10.95 )[] [] \OML/cmm/m/it/10.95 MP[] [] []
[]
 []


LaTeX Warning: Reference `f:eq_2grado_sol' on page 4 undefined on input line 26
2.


LaTeX Warning: Reference `f:eq_2grado_sol' on page 4 undefined on input line 26
3.

[4]
Overfull \hbox (105.20244pt too wide) in alignment at lines 302--318
 [][][] []
 []


Overfull \hbox (75.90517pt too wide) in alignment at lines 322--336
 [][][] []
 []


Overfull \hbox (16.84004pt too wide) in alignment at lines 338--348
 [][][] []
 []

[5]

LaTeX Warning: Reference `e:matriz_lazo_cerrado_sistema_discreto_ampliado' on p
age 6 undefined on input line 421.


Overfull \hbox (6.03343pt too wide) in paragraph at lines 436--440
\OT1/cmr/m/n/10.95 Y el po-li-no-mio (Ma-tri-cial) ca-rac-ter^^S^^Psti-co de es
-ta ma-triz por blo-ques ser^^Sa (aten-
 []


LaTeX Warning: Reference `f:eq_2grado' on page 6 undefined on input line 445.

[6] (./CDC12.aux)

LaTeX Warning: There were undefined references.


LaTeX Warning: Label(s) may have changed. Rerun to get cross-references right.

 ) 
Here is how much of TeX's memory you used:
 2129 strings out of 493849
 24909 string characters out of 1152845
 90943 words of memory out of 3000000
 5408 multiletter control sequences out of 15000+50000
 11352 words of font info for 43 fonts, out of 3000000 for 9000
 714 hyphenation exceptions out of 8191
 27i,13n,27p,456b,209s stack positions out of 5000i,500n,10000p,200000b,50000s

Output written on CDC12.dvi (6 pages, 18076 bytes).
